d:\code\exercise\simple_car\simple_car\x64\debug\main.obj
d:\code\exercise\simple_car\simple_car\x64\debug\vc100.pdb
d:\code\exercise\simple_car\simple_car\x64\debug\car.obj
d:\code\exercise\simple_car\simple_car\x64\debug\car1.obj
c:\users\jack ji\desktop\课程设计\simple_car\simple_car\x64\debug\car.obj
c:\users\jack ji\desktop\课程设计\simple_car\simple_car\x64\debug\main.obj
c:\users\jack ji\desktop\课程设计\simple_car\simple_car\x64\debug\vc100.pdb
d:\code\exercise\simple_car\x64\debug\simple_car.ilk
d:\code\exercise\simple_car\x64\debug\simple_car.exe
d:\code\exercise\simple_car\simple_car\x64\debug\simple_car.exe.intermediate.manifest
d:\code\exercise\simple_car\x64\debug\simple_car.pdb
c:\users\jack ji\desktop\课程设计\simple_car\x64\debug\simple_car.ilk
c:\users\jack ji\desktop\课程设计\simple_car\x64\debug\simple_car.exe
c:\users\jack ji\desktop\课程设计\simple_car\simple_car\x64\debug\simple_car.exe.intermediate.manifest
c:\users\jack ji\desktop\课程设计\simple_car\x64\debug\simple_car.pdb
d:\code\exercise\simple_car\simple_car\x64\debug\simple_car.exe.embed.manifest
d:\code\exercise\simple_car\simple_car\x64\debug\simple_car.exe.embed.manifest.res
c:\users\jack ji\desktop\课程设计\simple_car\simple_car\x64\debug\simple_car.exe.embed.manifest.res
d:\qau\2020-2021-2\final 课程设计\simple_car\simple_car\x64\debug\vc142.pdb
d:\qau\2020-2021-2\final 课程设计\simple_car\simple_car\x64\debug\vc142.idb
d:\qau\2020-2021-2\final 课程设计\simple_car\simple_car\x64\debug\main.obj
d:\qau\2020-2021-2\final 课程设计\simple_car\simple_car\x64\debug\car.obj
d:\qau\2020-2021-2\final 课程设计\simple_car\simple_car\x64\debug\simple_car.vcxprojresolveassemblyreference.cache
d:\qau\2020-2021-2\final 课程设计\simple_car\simple_car\x64\debug\car1.obj
d:\qau\2020-2021-2\final 课程设计\simple_car\simple_car\x64\debug\cl.command.1.tlog
d:\qau\2020-2021-2\final 课程设计\simple_car\simple_car\x64\debug\cl.read.1.tlog
d:\qau\2020-2021-2\final 课程设计\simple_car\simple_car\x64\debug\cl.write.1.tlog
d:\qau\2020-2021-2\final 课程设计\simple_car\simple_car\x64\debug\link-cvtres.read.1.tlog
d:\qau\2020-2021-2\final 课程设计\simple_car\simple_car\x64\debug\link-cvtres.write.1.tlog
d:\qau\2020-2021-2\final 课程设计\simple_car\simple_car\x64\debug\link.10068-cvtres.read.1.tlog
d:\qau\2020-2021-2\final 课程设计\simple_car\simple_car\x64\debug\link.10068-cvtres.write.1.tlog
d:\qau\2020-2021-2\final 课程设计\simple_car\simple_car\x64\debug\link.10068.read.1.tlog
d:\qau\2020-2021-2\final 课程设计\simple_car\simple_car\x64\debug\link.10068.write.1.tlog
d:\qau\2020-2021-2\final 课程设计\simple_car\simple_car\x64\debug\link.11068-cvtres.read.1.tlog
d:\qau\2020-2021-2\final 课程设计\simple_car\simple_car\x64\debug\link.11068-cvtres.write.1.tlog
d:\qau\2020-2021-2\final 课程设计\simple_car\simple_car\x64\debug\link.11068.read.1.tlog
d:\qau\2020-2021-2\final 课程设计\simple_car\simple_car\x64\debug\link.11068.write.1.tlog
d:\qau\2020-2021-2\final 课程设计\simple_car\simple_car\x64\debug\link.12568-cvtres.read.1.tlog
d:\qau\2020-2021-2\final 课程设计\simple_car\simple_car\x64\debug\link.12568-cvtres.write.1.tlog
d:\qau\2020-2021-2\final 课程设计\simple_car\simple_car\x64\debug\link.12568.read.1.tlog
d:\qau\2020-2021-2\final 课程设计\simple_car\simple_car\x64\debug\link.12568.write.1.tlog
d:\qau\2020-2021-2\final 课程设计\simple_car\simple_car\x64\debug\link.12640-cvtres.read.1.tlog
d:\qau\2020-2021-2\final 课程设计\simple_car\simple_car\x64\debug\link.12640-cvtres.write.1.tlog
d:\qau\2020-2021-2\final 课程设计\simple_car\simple_car\x64\debug\link.12640.read.1.tlog
d:\qau\2020-2021-2\final 课程设计\simple_car\simple_car\x64\debug\link.12640.write.1.tlog
d:\qau\2020-2021-2\final 课程设计\simple_car\simple_car\x64\debug\link.12968-cvtres.read.1.tlog
d:\qau\2020-2021-2\final 课程设计\simple_car\simple_car\x64\debug\link.12968-cvtres.write.1.tlog
d:\qau\2020-2021-2\final 课程设计\simple_car\simple_car\x64\debug\link.12968.read.1.tlog
d:\qau\2020-2021-2\final 课程设计\simple_car\simple_car\x64\debug\link.12968.write.1.tlog
d:\qau\2020-2021-2\final 课程设计\simple_car\simple_car\x64\debug\link.13300-cvtres.read.1.tlog
d:\qau\2020-2021-2\final 课程设计\simple_car\simple_car\x64\debug\link.13300-cvtres.write.1.tlog
d:\qau\2020-2021-2\final 课程设计\simple_car\simple_car\x64\debug\link.13300.read.1.tlog
d:\qau\2020-2021-2\final 课程设计\simple_car\simple_car\x64\debug\link.13300.write.1.tlog
d:\qau\2020-2021-2\final 课程设计\simple_car\simple_car\x64\debug\link.14744-cvtres.read.1.tlog
d:\qau\2020-2021-2\final 课程设计\simple_car\simple_car\x64\debug\link.14744-cvtres.write.1.tlog
d:\qau\2020-2021-2\final 课程设计\simple_car\simple_car\x64\debug\link.14744.read.1.tlog
d:\qau\2020-2021-2\final 课程设计\simple_car\simple_car\x64\debug\link.14744.write.1.tlog
d:\qau\2020-2021-2\final 课程设计\simple_car\simple_car\x64\debug\link.15336-cvtres.read.1.tlog
d:\qau\2020-2021-2\final 课程设计\simple_car\simple_car\x64\debug\link.15336-cvtres.write.1.tlog
d:\qau\2020-2021-2\final 课程设计\simple_car\simple_car\x64\debug\link.15336.read.1.tlog
d:\qau\2020-2021-2\final 课程设计\simple_car\simple_car\x64\debug\link.15336.write.1.tlog
d:\qau\2020-2021-2\final 课程设计\simple_car\simple_car\x64\debug\link.15396-cvtres.read.1.tlog
d:\qau\2020-2021-2\final 课程设计\simple_car\simple_car\x64\debug\link.15396-cvtres.write.1.tlog
d:\qau\2020-2021-2\final 课程设计\simple_car\simple_car\x64\debug\link.15396.read.1.tlog
d:\qau\2020-2021-2\final 课程设计\simple_car\simple_car\x64\debug\link.15396.write.1.tlog
d:\qau\2020-2021-2\final 课程设计\simple_car\simple_car\x64\debug\link.1556-cvtres.read.1.tlog
d:\qau\2020-2021-2\final 课程设计\simple_car\simple_car\x64\debug\link.1556-cvtres.write.1.tlog
d:\qau\2020-2021-2\final 课程设计\simple_car\simple_car\x64\debug\link.1556.read.1.tlog
d:\qau\2020-2021-2\final 课程设计\simple_car\simple_car\x64\debug\link.1556.write.1.tlog
d:\qau\2020-2021-2\final 课程设计\simple_car\simple_car\x64\debug\link.16324-cvtres.read.1.tlog
d:\qau\2020-2021-2\final 课程设计\simple_car\simple_car\x64\debug\link.16324-cvtres.write.1.tlog
d:\qau\2020-2021-2\final 课程设计\simple_car\simple_car\x64\debug\link.16324.read.1.tlog
d:\qau\2020-2021-2\final 课程设计\simple_car\simple_car\x64\debug\link.16324.write.1.tlog
d:\qau\2020-2021-2\final 课程设计\simple_car\simple_car\x64\debug\link.16984-cvtres.read.1.tlog
d:\qau\2020-2021-2\final 课程设计\simple_car\simple_car\x64\debug\link.16984-cvtres.write.1.tlog
d:\qau\2020-2021-2\final 课程设计\simple_car\simple_car\x64\debug\link.16984.read.1.tlog
d:\qau\2020-2021-2\final 课程设计\simple_car\simple_car\x64\debug\link.16984.write.1.tlog
d:\qau\2020-2021-2\final 课程设计\simple_car\simple_car\x64\debug\link.17268-cvtres.read.1.tlog
d:\qau\2020-2021-2\final 课程设计\simple_car\simple_car\x64\debug\link.17268-cvtres.write.1.tlog
d:\qau\2020-2021-2\final 课程设计\simple_car\simple_car\x64\debug\link.17268.read.1.tlog
d:\qau\2020-2021-2\final 课程设计\simple_car\simple_car\x64\debug\link.17268.write.1.tlog
d:\qau\2020-2021-2\final 课程设计\simple_car\simple_car\x64\debug\link.1748-cvtres.read.1.tlog
d:\qau\2020-2021-2\final 课程设计\simple_car\simple_car\x64\debug\link.1748-cvtres.write.1.tlog
d:\qau\2020-2021-2\final 课程设计\simple_car\simple_car\x64\debug\link.1748.read.1.tlog
d:\qau\2020-2021-2\final 课程设计\simple_car\simple_car\x64\debug\link.1748.write.1.tlog
d:\qau\2020-2021-2\final 课程设计\simple_car\simple_car\x64\debug\link.17932-cvtres.read.1.tlog
d:\qau\2020-2021-2\final 课程设计\simple_car\simple_car\x64\debug\link.17932-cvtres.write.1.tlog
d:\qau\2020-2021-2\final 课程设计\simple_car\simple_car\x64\debug\link.17932.read.1.tlog
d:\qau\2020-2021-2\final 课程设计\simple_car\simple_car\x64\debug\link.17932.write.1.tlog
d:\qau\2020-2021-2\final 课程设计\simple_car\simple_car\x64\debug\link.18044-cvtres.read.1.tlog
d:\qau\2020-2021-2\final 课程设计\simple_car\simple_car\x64\debug\link.18044-cvtres.write.1.tlog
d:\qau\2020-2021-2\final 课程设计\simple_car\simple_car\x64\debug\link.18044.read.1.tlog
d:\qau\2020-2021-2\final 课程设计\simple_car\simple_car\x64\debug\link.18044.write.1.tlog
d:\qau\2020-2021-2\final 课程设计\simple_car\simple_car\x64\debug\link.188-cvtres.read.1.tlog
d:\qau\2020-2021-2\final 课程设计\simple_car\simple_car\x64\debug\link.188-cvtres.write.1.tlog
d:\qau\2020-2021-2\final 课程设计\simple_car\simple_car\x64\debug\link.188.read.1.tlog
d:\qau\2020-2021-2\final 课程设计\simple_car\simple_car\x64\debug\link.188.write.1.tlog
d:\qau\2020-2021-2\final 课程设计\simple_car\simple_car\x64\debug\link.18820-cvtres.read.1.tlog
d:\qau\2020-2021-2\final 课程设计\simple_car\simple_car\x64\debug\link.18820-cvtres.write.1.tlog
d:\qau\2020-2021-2\final 课程设计\simple_car\simple_car\x64\debug\link.18820.read.1.tlog
d:\qau\2020-2021-2\final 课程设计\simple_car\simple_car\x64\debug\link.18820.write.1.tlog
d:\qau\2020-2021-2\final 课程设计\simple_car\simple_car\x64\debug\link.19084-cvtres.read.1.tlog
d:\qau\2020-2021-2\final 课程设计\simple_car\simple_car\x64\debug\link.19084-cvtres.write.1.tlog
d:\qau\2020-2021-2\final 课程设计\simple_car\simple_car\x64\debug\link.19084.read.1.tlog
d:\qau\2020-2021-2\final 课程设计\simple_car\simple_car\x64\debug\link.19084.write.1.tlog
d:\qau\2020-2021-2\final 课程设计\simple_car\simple_car\x64\debug\link.19520-cvtres.read.1.tlog
d:\qau\2020-2021-2\final 课程设计\simple_car\simple_car\x64\debug\link.19520-cvtres.write.1.tlog
d:\qau\2020-2021-2\final 课程设计\simple_car\simple_car\x64\debug\link.19520.read.1.tlog
d:\qau\2020-2021-2\final 课程设计\simple_car\simple_car\x64\debug\link.19520.write.1.tlog
d:\qau\2020-2021-2\final 课程设计\simple_car\simple_car\x64\debug\link.20332-cvtres.read.1.tlog
d:\qau\2020-2021-2\final 课程设计\simple_car\simple_car\x64\debug\link.20332-cvtres.write.1.tlog
d:\qau\2020-2021-2\final 课程设计\simple_car\simple_car\x64\debug\link.20332.read.1.tlog
d:\qau\2020-2021-2\final 课程设计\simple_car\simple_car\x64\debug\link.20332.write.1.tlog
d:\qau\2020-2021-2\final 课程设计\simple_car\simple_car\x64\debug\link.2104-cvtres.read.1.tlog
d:\qau\2020-2021-2\final 课程设计\simple_car\simple_car\x64\debug\link.2104-cvtres.write.1.tlog
d:\qau\2020-2021-2\final 课程设计\simple_car\simple_car\x64\debug\link.2104.read.1.tlog
d:\qau\2020-2021-2\final 课程设计\simple_car\simple_car\x64\debug\link.2104.write.1.tlog
d:\qau\2020-2021-2\final 课程设计\simple_car\simple_car\x64\debug\link.2288-cvtres.read.1.tlog
d:\qau\2020-2021-2\final 课程设计\simple_car\simple_car\x64\debug\link.2288-cvtres.write.1.tlog
d:\qau\2020-2021-2\final 课程设计\simple_car\simple_car\x64\debug\link.2288.read.1.tlog
d:\qau\2020-2021-2\final 课程设计\simple_car\simple_car\x64\debug\link.2288.write.1.tlog
d:\qau\2020-2021-2\final 课程设计\simple_car\simple_car\x64\debug\link.32-cvtres.read.1.tlog
d:\qau\2020-2021-2\final 课程设计\simple_car\simple_car\x64\debug\link.32-cvtres.write.1.tlog
d:\qau\2020-2021-2\final 课程设计\simple_car\simple_car\x64\debug\link.32.read.1.tlog
d:\qau\2020-2021-2\final 课程设计\simple_car\simple_car\x64\debug\link.32.write.1.tlog
d:\qau\2020-2021-2\final 课程设计\simple_car\simple_car\x64\debug\link.5548-cvtres.read.1.tlog
d:\qau\2020-2021-2\final 课程设计\simple_car\simple_car\x64\debug\link.5548-cvtres.write.1.tlog
d:\qau\2020-2021-2\final 课程设计\simple_car\simple_car\x64\debug\link.5548.read.1.tlog
d:\qau\2020-2021-2\final 课程设计\simple_car\simple_car\x64\debug\link.5548.write.1.tlog
d:\qau\2020-2021-2\final 课程设计\simple_car\simple_car\x64\debug\link.6936-cvtres.read.1.tlog
d:\qau\2020-2021-2\final 课程设计\simple_car\simple_car\x64\debug\link.6936-cvtres.write.1.tlog
d:\qau\2020-2021-2\final 课程设计\simple_car\simple_car\x64\debug\link.6936.read.1.tlog
d:\qau\2020-2021-2\final 课程设计\simple_car\simple_car\x64\debug\link.6936.write.1.tlog
d:\qau\2020-2021-2\final 课程设计\simple_car\simple_car\x64\debug\link.7660-cvtres.read.1.tlog
d:\qau\2020-2021-2\final 课程设计\simple_car\simple_car\x64\debug\link.7660-cvtres.write.1.tlog
d:\qau\2020-2021-2\final 课程设计\simple_car\simple_car\x64\debug\link.7660.read.1.tlog
d:\qau\2020-2021-2\final 课程设计\simple_car\simple_car\x64\debug\link.7660.write.1.tlog
d:\qau\2020-2021-2\final 课程设计\simple_car\simple_car\x64\debug\link.7944-cvtres.read.1.tlog
d:\qau\2020-2021-2\final 课程设计\simple_car\simple_car\x64\debug\link.7944-cvtres.write.1.tlog
d:\qau\2020-2021-2\final 课程设计\simple_car\simple_car\x64\debug\link.7944.read.1.tlog
d:\qau\2020-2021-2\final 课程设计\simple_car\simple_car\x64\debug\link.7944.write.1.tlog
d:\qau\2020-2021-2\final 课程设计\simple_car\simple_car\x64\debug\link.8144-cvtres.read.1.tlog
d:\qau\2020-2021-2\final 课程设计\simple_car\simple_car\x64\debug\link.8144-cvtres.write.1.tlog
d:\qau\2020-2021-2\final 课程设计\simple_car\simple_car\x64\debug\link.8144.read.1.tlog
d:\qau\2020-2021-2\final 课程设计\simple_car\simple_car\x64\debug\link.8144.write.1.tlog
d:\qau\2020-2021-2\final 课程设计\simple_car\simple_car\x64\debug\link.8656-cvtres.read.1.tlog
d:\qau\2020-2021-2\final 课程设计\simple_car\simple_car\x64\debug\link.8656-cvtres.write.1.tlog
d:\qau\2020-2021-2\final 课程设计\simple_car\simple_car\x64\debug\link.8656.read.1.tlog
d:\qau\2020-2021-2\final 课程设计\simple_car\simple_car\x64\debug\link.8656.write.1.tlog
d:\qau\2020-2021-2\final 课程设计\simple_car\simple_car\x64\debug\link.9196-cvtres.read.1.tlog
d:\qau\2020-2021-2\final 课程设计\simple_car\simple_car\x64\debug\link.9196-cvtres.write.1.tlog
d:\qau\2020-2021-2\final 课程设计\simple_car\simple_car\x64\debug\link.9196.read.1.tlog
d:\qau\2020-2021-2\final 课程设计\simple_car\simple_car\x64\debug\link.9196.write.1.tlog
d:\qau\2020-2021-2\final 课程设计\simple_car\simple_car\x64\debug\link.9472-cvtres.read.1.tlog
d:\qau\2020-2021-2\final 课程设计\simple_car\simple_car\x64\debug\link.9472-cvtres.write.1.tlog
d:\qau\2020-2021-2\final 课程设计\simple_car\simple_car\x64\debug\link.9472.read.1.tlog
d:\qau\2020-2021-2\final 课程设计\simple_car\simple_car\x64\debug\link.9472.write.1.tlog
d:\qau\2020-2021-2\final 课程设计\simple_car\simple_car\x64\debug\link.956-cvtres.read.1.tlog
d:\qau\2020-2021-2\final 课程设计\simple_car\simple_car\x64\debug\link.956-cvtres.write.1.tlog
d:\qau\2020-2021-2\final 课程设计\simple_car\simple_car\x64\debug\link.956.read.1.tlog
d:\qau\2020-2021-2\final 课程设计\simple_car\simple_car\x64\debug\link.956.write.1.tlog
d:\qau\2020-2021-2\final 课程设计\simple_car\simple_car\x64\debug\link.command.1.tlog
d:\qau\2020-2021-2\final 课程设计\simple_car\simple_car\x64\debug\link.read.1.tlog
d:\qau\2020-2021-2\final 课程设计\simple_car\simple_car\x64\debug\link.write.1.tlog
d:\qau\2020-2021-2\final 课程设计\simple_car\simple_car\x64\debug\mt.command.1.tlog
d:\qau\2020-2021-2\final 课程设计\simple_car\simple_car\x64\debug\mt.read.1.tlog
d:\qau\2020-2021-2\final 课程设计\simple_car\simple_car\x64\debug\mt.write.1.tlog
d:\qau\2020-2021-2\final 课程设计\simple_car\simple_car\x64\debug\rc.command.1.tlog
d:\qau\2020-2021-2\final 课程设计\simple_car\simple_car\x64\debug\rc.read.1.tlog
d:\qau\2020-2021-2\final 课程设计\simple_car\simple_car\x64\debug\rc.write.1.tlog
d:\qau\2020-2021-2\final 课程设计\simple_car\simple_car\x64\debug\simple_car.write.1.tlog
d:\qau\2020-2021-2\final 课程设计\simple_car\simple_car\x64\debug\simple_car.exe.embed.manifest
d:\qau\2020-2021-2\final 课程设计\simple_car\simple_car\x64\debug\simple_car.exe.intermediate.manifest
d:\qau\2020-2021-2\final 课程设计\simple_car\simple_car\x64\debug\simple_car.exe.embed.manifest.res
d:\qau\2020-2021-2\final 课程设计\simple_car\simple_car\x64\debug\vc100.idb
d:\qau\2020-2021-2\final 课程设计\simple_car\simple_car\x64\debug\vc100.pdb
d:\qau\2020-2021-2\final 课程设计\simple_car\simple_car\x64\debug\simple_car_manifest.rc
d:\qau\2020-2021-2\final 课程设计\simple_car\x64\debug\simple_car.pdb
d:\qau\2020-2021-2\final 课程设计\simple_car\x64\debug\simple_car.ilk
d:\qau\2020-2021-2\final 课程设计\simple_car\simple_car\x64\debug\simple_car.tlog\cl.command.1.tlog
d:\qau\2020-2021-2\final 课程设计\simple_car\simple_car\x64\debug\simple_car.tlog\cl.read.1.tlog
d:\qau\2020-2021-2\final 课程设计\simple_car\simple_car\x64\debug\simple_car.tlog\cl.write.1.tlog
d:\qau\2020-2021-2\final 课程设计\simple_car\simple_car\x64\debug\simple_car.tlog\link-cvtres.read.1.tlog
d:\qau\2020-2021-2\final 课程设计\simple_car\simple_car\x64\debug\simple_car.tlog\link-cvtres.write.1.tlog
d:\qau\2020-2021-2\final 课程设计\simple_car\simple_car\x64\debug\simple_car.tlog\link-rc.read.1.tlog
d:\qau\2020-2021-2\final 课程设计\simple_car\simple_car\x64\debug\simple_car.tlog\link-rc.write.1.tlog
d:\qau\2020-2021-2\final 课程设计\simple_car\simple_car\x64\debug\simple_car.tlog\link.command.1.tlog
d:\qau\2020-2021-2\final 课程设计\simple_car\simple_car\x64\debug\simple_car.tlog\link.read.1.tlog
d:\qau\2020-2021-2\final 课程设计\simple_car\simple_car\x64\debug\simple_car.tlog\link.write.1.tlog
